<?xml version="1.0" encoding="UTF-8"?>
<!-- Generated by org.testng.reporters.JUnitReportReporter -->
<testsuite hostname="DESKTOP-MP7VO84" failures="0" tests="1" name="com.saucedemo.test.LoginTest" time="0.477" errors="0" timestamp="2024-06-14T22:22:16 IST" skipped="0">
  <testcase classname="com.saucedemo.test.LoginTest" name="TC_07" time="0.477"/>
</testsuite> <!-- com.saucedemo.test.LoginTest -->
