<?xml version="1.0" encoding="UTF-8"?>
<!-- Generated by org.testng.reporters.JUnitReportReporter -->
<testsuite hostname="DESKTOP-MP7VO84" failures="0" tests="5" name="com.saucedemo.test.Tests" time="10.407" errors="0" timestamp="2024-06-15T01:12:32 IST" skipped="0">
  <testcase classname="com.saucedemo.test.Tests" name="TC_08" time="2.191"/>
  <testcase classname="com.saucedemo.test.Tests" name="TC_12" time="2.446"/>
  <testcase classname="com.saucedemo.test.Tests" name="TC_14" time="3.173"/>
  <testcase classname="com.saucedemo.test.Tests" name="TC_15" time="1.610"/>
  <testcase classname="com.saucedemo.test.Tests" name="TC_07" time="0.987"/>
</testsuite> <!-- com.saucedemo.test.Tests -->
