<?xml version="1.0" encoding="UTF-8"?>
<!-- Generated by org.testng.reporters.JUnitReportReporter -->
<testsuite hostname="DESKTOP-MP7VO84" failures="0" tests="5" name="com.saucedemo.test.Tests" time="10.676" errors="0" timestamp="2024-06-15T01:44:08 IST" skipped="0">
  <testcase classname="com.saucedemo.test.Tests" name="TC_15" time="1.630"/>
  <testcase classname="com.saucedemo.test.Tests" name="TC_12" time="2.527"/>
  <testcase classname="com.saucedemo.test.Tests" name="TC_07" time="1.117"/>
  <testcase classname="com.saucedemo.test.Tests" name="TC_08" time="2.218"/>
  <testcase classname="com.saucedemo.test.Tests" name="TC_14" time="3.184"/>
</testsuite> <!-- com.saucedemo.test.Tests -->
