<?xml version="1.0" encoding="UTF-8"?>
<!-- Generated by org.testng.reporters.JUnitReportReporter -->
<testsuite hostname="DESKTOP-MP7VO84" failures="0" tests="5" name="com.saucedemo.test.Tests" time="10.788" errors="0" timestamp="2024-06-15T01:35:55 IST" skipped="0">
  <testcase classname="com.saucedemo.test.Tests" name="TC_14" time="3.252"/>
  <testcase classname="com.saucedemo.test.Tests" name="TC_12" time="2.582"/>
  <testcase classname="com.saucedemo.test.Tests" name="TC_15" time="1.675"/>
  <testcase classname="com.saucedemo.test.Tests" name="TC_08" time="2.228"/>
  <testcase classname="com.saucedemo.test.Tests" name="TC_07" time="1.051"/>
</testsuite> <!-- com.saucedemo.test.Tests -->
