<?xml version="1.0" encoding="UTF-8"?>
<!-- Generated by org.testng.reporters.JUnitReportReporter -->
<testsuite hostname="DESKTOP-MP7VO84" failures="0" tests="1" name="com.saucedemo.test.LoginTest" time="0.251" errors="0" timestamp="2024-06-14T17:40:11 IST" skipped="0">
  <testcase classname="com.saucedemo.test.LoginTest" name="Login" time="0.251"/>
</testsuite> <!-- com.saucedemo.test.LoginTest -->
